<?xml version="1.0" encoding="UTF-8"?>
<testng-results skipped="0" failed="0" ignored="0" total="1" passed="1">
  <reporter-output>
  </reporter-output>
  <suite name="Default suite" duration-ms="8603" started-at="2020-07-27T20:46:35 CDT" finished-at="2020-07-27T20:46:43 CDT">
    <groups>
    </groups>
    <test name="Default test" duration-ms="8603" started-at="2020-07-27T20:46:35 CDT" finished-at="2020-07-27T20:46:43 CDT">
      <class name="test.TestClass">
        <test-method status="PASS" signature="testing()[pri:0, instance:test.TestClass@6321e813]" name="testing" duration-ms="8515" started-at="2020-07-27T20:46:35 CDT" finished-at="2020-07-27T20:46:43 CDT">
          <reporter-output>
          </reporter-output>
        </test-method> <!-- testing -->
      </class> <!-- test.TestClass -->
    </test> <!-- Default test -->
  </suite> <!-- Default suite -->
</testng-results>
